<?xml version="1.0" encoding="UTF-8"?>
<!-- Generated by org.testng.reporters.JUnitXMLReporter -->
<testsuite ignored="0" hostname="DESKTOP-TCBCG20" failures="0" tests="4" name="Default test" time="8.308" errors="0" timestamp="2021-09-03T19:26:16 IST">
  <testcase classname="TestNgLast.TestNGSelenium" name="test" time="5.156"/>
  <testcase classname="TestNgLast.TestNGSelenium" name="launchGoogle" time="0.787"/>
  <testcase classname="TestNgLast.TestNGSelenium" name="peformSeachAndClick1stLink" time="1.823"/>
  <testcase classname="TestNgLast.TestNGSelenium" name="FaceBookPageTitleVerification" time="0.439"/>
</testsuite> <!-- Default test -->
