<?xml version="1.0" encoding="UTF-8"?>
<testng-results ignored="0" total="4" passed="4" failed="0" skipped="0">
  <reporter-output>
  </reporter-output>
  <suite started-at="2021-09-03T19:26:07 IST" name="Default suite" finished-at="2021-09-03T19:26:16 IST" duration-ms="8308">
    <groups>
    </groups>
    <test started-at="2021-09-03T19:26:07 IST" name="Default test" finished-at="2021-09-03T19:26:16 IST" duration-ms="8308">
      <class name="TestNgLast.TestNGSelenium">
        <test-method signature="test()[pri:1, instance:TestNgLast.TestNGSelenium@5552768b]" started-at="2021-09-03T19:26:08 IST" name="test" finished-at="2021-09-03T19:26:13 IST" duration-ms="5156" status="PASS">
          <reporter-output>
          </reporter-output>
        </test-method> <!-- test -->
        <test-method signature="launchGoogle()[pri:2, instance:TestNgLast.TestNGSelenium@5552768b]" started-at="2021-09-03T19:26:13 IST" name="launchGoogle" finished-at="2021-09-03T19:26:13 IST" duration-ms="787" status="PASS">
          <reporter-output>
          </reporter-output>
        </test-method> <!-- launchGoogle -->
        <test-method signature="peformSeachAndClick1stLink()[pri:3, instance:TestNgLast.TestNGSelenium@5552768b]" started-at="2021-09-03T19:26:13 IST" name="peformSeachAndClick1stLink" finished-at="2021-09-03T19:26:15 IST" duration-ms="1823" status="PASS">
          <reporter-output>
          </reporter-output>
        </test-method> <!-- peformSeachAndClick1stLink -->
        <test-method signature="FaceBookPageTitleVerification()[pri:4, instance:TestNgLast.TestNGSelenium@5552768b]" started-at="2021-09-03T19:26:15 IST" name="FaceBookPageTitleVerification" finished-at="2021-09-03T19:26:16 IST" duration-ms="439" status="PASS">
          <reporter-output>
          </reporter-output>
        </test-method> <!-- FaceBookPageTitleVerification -->
      </class> <!-- TestNgLast.TestNGSelenium -->
    </test> <!-- Default test -->
  </suite> <!-- Default suite -->
</testng-results>
